<?xml version="1.0" encoding="UTF-8"?>
<!-- Generated by org.testng.reporters.JUnitXMLReporter -->
<testsuite ignored="0" hostname="Ishant" failures="0" tests="4" name="Default test" time="40.164" errors="0" timestamp="2024-07-29T17:28:04 IST">
  <testcase classname="airlines.Project2_Airline.testCases.TC07" name="multiCityFlight" time="8.553">
    <skipped/>
  </testcase> <!-- multiCityFlight -->
  <testcase classname="airlines.Project2_Airline.testCases.TC07" name="multiCityFlight" time="7.026">
    <skipped/>
  </testcase> <!-- multiCityFlight -->
  <testcase classname="airlines.Project2_Airline.testCases.TC07" name="multiCityFlight" time="10.304">
    <skipped/>
  </testcase> <!-- multiCityFlight -->
  <testcase classname="airlines.Project2_Airline.testCases.TC07" name="multiCityFlight" time="13.908"/>
</testsuite> <!-- Default test -->
