<?xml version="1.0" encoding="UTF-8"?>
<testng-results ignored="0" total="1" passed="1" failed="0" skipped="0">
  <reporter-output>
    <line>
      <![CDATA[test case passed]]>
    </line>
  </reporter-output>
  <suite started-at="2024-07-18T23:47:28 IST" name="Default suite" finished-at="2024-07-18T23:47:35 IST" duration-ms="7043">
    <groups>
    </groups>
    <test started-at="2024-07-18T23:47:28 IST" name="Default test" finished-at="2024-07-18T23:47:35 IST" duration-ms="7043">
      <class name="airlines.Project2_Airline.testCases.TC01">
        <test-method signature="registrationGoibibo()[pri:0, instance:airlines.Project2_Airline.testCases.TC01@3e27aa33]" started-at="2024-07-18T23:47:28 IST" name="registrationGoibibo" finished-at="2024-07-18T23:47:35 IST" duration-ms="6698" status="PASS">
          <reporter-output>
            <line>
              <![CDATA[test case passed]]>
            </line>
          </reporter-output>
        </test-method> <!-- registrationGoibibo -->
      </class> <!-- airlines.Project2_Airline.testCases.TC01 -->
    </test> <!-- Default test -->
  </suite> <!-- Default suite -->
</testng-results>
